2025-04-22 17:41:50,427 - __main__ - INFO - Credentials loaded successfully.
2025-04-22 17:41:50,429 - __main__ - INFO - Starting Telegram bot.
2025-04-22 17:41:51,186 - httpx - INFO - HTTP Request: POST https://api.telegram.org/bot5571979635:AAHgqbjwxgdBasM1yS_BjieDU8CWQXFLXNU/getMe "HTTP/1.1 200 OK"
2025-04-22 17:41:51,393 - httpx - INFO - HTTP Request: POST https://api.telegram.org/bot5571979635:AAHgqbjwxgdBasM1yS_BjieDU8CWQXFLXNU/deleteWebhook "HTTP/1.1 200 OK"
2025-04-22 17:41:51,405 - telegram.ext.Application - INFO - Application started
2025-04-22 17:42:02,083 - httpx - INFO - HTTP Request: POST https://api.telegram.org/bot5571979635:AAHgqbjwxgdBasM1yS_BjieDU8CWQXFLXNU/getUpdates "HTTP/1.1 200 OK"
2025-04-22 17:42:12,322 - httpx - INFO - HTTP Request: POST https://api.telegram.org/bot5571979635:AAHgqbjwxgdBasM1yS_BjieDU8CWQXFLXNU/getUpdates "HTTP/1.1 200 OK"
2025-04-22 17:42:18,380 - httpx - INFO - HTTP Request: POST https://api.telegram.org/bot5571979635:AAHgqbjwxgdBasM1yS_BjieDU8CWQXFLXNU/getUpdates "HTTP/1.1 200 OK"
2025-04-22 17:42:18,388 - __main__ - INFO - Received /start command.
2025-04-22 17:42:19,236 - httpx - INFO - HTTP Request: POST https://api.telegram.org/bot5571979635:AAHgqbjwxgdBasM1yS_BjieDU8CWQXFLXNU/sendMessage "HTTP/1.1 200 OK"
2025-04-22 17:42:28,656 - httpx - INFO - HTTP Request: POST https://api.telegram.org/bot5571979635:AAHgqbjwxgdBasM1yS_BjieDU8CWQXFLXNU/getUpdates "HTTP/1.1 200 OK"
2025-04-22 17:42:38,882 - httpx - INFO - HTTP Request: POST https://api.telegram.org/bot5571979635:AAHgqbjwxgdBasM1yS_BjieDU8CWQXFLXNU/getUpdates "HTTP/1.1 200 OK"
2025-04-22 17:42:49,106 - httpx - INFO - HTTP Request: POST https://api.telegram.org/bot5571979635:AAHgqbjwxgdBasM1yS_BjieDU8CWQXFLXNU/getUpdates "HTTP/1.1 200 OK"
2025-04-22 17:42:59,319 - httpx - INFO - HTTP Request: POST https://api.telegram.org/bot5571979635:AAHgqbjwxgdBasM1yS_BjieDU8CWQXFLXNU/getUpdates "HTTP/1.1 200 OK"
2025-04-22 17:43:09,551 - httpx - INFO - HTTP Request: POST https://api.telegram.org/bot5571979635:AAHgqbjwxgdBasM1yS_BjieDU8CWQXFLXNU/getUpdates "HTTP/1.1 200 OK"
2025-04-22 17:43:19,764 - httpx - INFO - HTTP Request: POST https://api.telegram.org/bot5571979635:AAHgqbjwxgdBasM1yS_BjieDU8CWQXFLXNU/getUpdates "HTTP/1.1 200 OK"
2025-04-22 17:43:29,976 - httpx - INFO - HTTP Request: POST https://api.telegram.org/bot5571979635:AAHgqbjwxgdBasM1yS_BjieDU8CWQXFLXNU/getUpdates "HTTP/1.1 200 OK"
2025-04-22 17:43:40,197 - httpx - INFO - HTTP Request: POST https://api.telegram.org/bot5571979635:AAHgqbjwxgdBasM1yS_BjieDU8CWQXFLXNU/getUpdates "HTTP/1.1 200 OK"
2025-04-22 17:43:50,422 - httpx - INFO - HTTP Request: POST https://api.telegram.org/bot5571979635:AAHgqbjwxgdBasM1yS_BjieDU8CWQXFLXNU/getUpdates "HTTP/1.1 200 OK"
2025-04-22 17:44:00,645 - httpx - INFO - HTTP Request: POST https://api.telegram.org/bot5571979635:AAHgqbjwxgdBasM1yS_BjieDU8CWQXFLXNU/getUpdates "HTTP/1.1 200 OK"
2025-04-22 17:44:10,887 - httpx - INFO - HTTP Request: POST https://api.telegram.org/bot5571979635:AAHgqbjwxgdBasM1yS_BjieDU8CWQXFLXNU/getUpdates "HTTP/1.1 200 OK"
2025-04-22 17:44:21,098 - httpx - INFO - HTTP Request: POST https://api.telegram.org/bot5571979635:AAHgqbjwxgdBasM1yS_BjieDU8CWQXFLXNU/getUpdates "HTTP/1.1 200 OK"
2025-04-22 17:44:31,307 - httpx - INFO - HTTP Request: POST https://api.telegram.org/bot5571979635:AAHgqbjwxgdBasM1yS_BjieDU8CWQXFLXNU/getUpdates "HTTP/1.1 200 OK"
2025-04-22 17:44:41,542 - httpx - INFO - HTTP Request: POST https://api.telegram.org/bot5571979635:AAHgqbjwxgdBasM1yS_BjieDU8CWQXFLXNU/getUpdates "HTTP/1.1 200 OK"
2025-04-22 17:44:51,751 - httpx - INFO - HTTP Request: POST https://api.telegram.org/bot5571979635:AAHgqbjwxgdBasM1yS_BjieDU8CWQXFLXNU/getUpdates "HTTP/1.1 200 OK"
2025-04-22 17:45:01,971 - httpx - INFO - HTTP Request: POST https://api.telegram.org/bot5571979635:AAHgqbjwxgdBasM1yS_BjieDU8CWQXFLXNU/getUpdates "HTTP/1.1 200 OK"
2025-04-22 17:45:12,214 - httpx - INFO - HTTP Request: POST https://api.telegram.org/bot5571979635:AAHgqbjwxgdBasM1yS_BjieDU8CWQXFLXNU/getUpdates "HTTP/1.1 200 OK"
2025-04-22 17:45:22,431 - httpx - INFO - HTTP Request: POST https://api.telegram.org/bot5571979635:AAHgqbjwxgdBasM1yS_BjieDU8CWQXFLXNU/getUpdates "HTTP/1.1 200 OK"
2025-04-22 17:45:31,570 - httpx - INFO - HTTP Request: POST https://api.telegram.org/bot5571979635:AAHgqbjwxgdBasM1yS_BjieDU8CWQXFLXNU/getUpdates "HTTP/1.1 200 OK"
2025-04-22 17:45:41,799 - httpx - INFO - HTTP Request: POST https://api.telegram.org/bot5571979635:AAHgqbjwxgdBasM1yS_BjieDU8CWQXFLXNU/getUpdates "HTTP/1.1 200 OK"
2025-04-22 17:45:52,024 - httpx - INFO - HTTP Request: POST https://api.telegram.org/bot5571979635:AAHgqbjwxgdBasM1yS_BjieDU8CWQXFLXNU/getUpdates "HTTP/1.1 200 OK"
2025-04-22 17:46:02,283 - httpx - INFO - HTTP Request: POST https://api.telegram.org/bot5571979635:AAHgqbjwxgdBasM1yS_BjieDU8CWQXFLXNU/getUpdates "HTTP/1.1 200 OK"
2025-04-22 17:46:12,659 - httpx - INFO - HTTP Request: POST https://api.telegram.org/bot5571979635:AAHgqbjwxgdBasM1yS_BjieDU8CWQXFLXNU/getUpdates "HTTP/1.1 200 OK"
2025-04-22 17:46:22,965 - httpx - INFO - HTTP Request: POST https://api.telegram.org/bot5571979635:AAHgqbjwxgdBasM1yS_BjieDU8CWQXFLXNU/getUpdates "HTTP/1.1 200 OK"
2025-04-22 17:46:33,180 - httpx - INFO - HTTP Request: POST https://api.telegram.org/bot5571979635:AAHgqbjwxgdBasM1yS_BjieDU8CWQXFLXNU/getUpdates "HTTP/1.1 200 OK"
2025-04-22 17:46:41,509 - httpx - INFO - HTTP Request: POST https://api.telegram.org/bot5571979635:AAHgqbjwxgdBasM1yS_BjieDU8CWQXFLXNU/getUpdates "HTTP/1.1 200 OK"
2025-04-22 17:46:41,512 - telegram.ext.Application - INFO - Application is stopping. This might take a moment.
2025-04-22 17:46:41,513 - telegram.ext.Application - INFO - Application.stop() complete
2025-04-22 17:46:41,516 - __main__ - INFO - Bot started successfully.
2025-04-22 17:52:05,193 - __main__ - INFO - Credentials loaded successfully.
2025-04-22 17:52:05,195 - __main__ - INFO - Starting Telegram bot.
2025-04-22 17:52:06,008 - httpx - INFO - HTTP Request: POST https://api.telegram.org/bot5571979635:AAHgqbjwxgdBasM1yS_BjieDU8CWQXFLXNU/getMe "HTTP/1.1 200 OK"
2025-04-22 17:52:06,209 - httpx - INFO - HTTP Request: POST https://api.telegram.org/bot5571979635:AAHgqbjwxgdBasM1yS_BjieDU8CWQXFLXNU/deleteWebhook "HTTP/1.1 200 OK"
2025-04-22 17:52:06,218 - telegram.ext.Application - INFO - Application started
2025-04-22 17:52:16,795 - httpx - INFO - HTTP Request: POST https://api.telegram.org/bot5571979635:AAHgqbjwxgdBasM1yS_BjieDU8CWQXFLXNU/getUpdates "HTTP/1.1 200 OK"
2025-04-22 17:52:27,017 - httpx - INFO - HTTP Request: POST https://api.telegram.org/bot5571979635:AAHgqbjwxgdBasM1yS_BjieDU8CWQXFLXNU/getUpdates "HTTP/1.1 200 OK"
2025-04-22 17:52:37,233 - httpx - INFO - HTTP Request: POST https://api.telegram.org/bot5571979635:AAHgqbjwxgdBasM1yS_BjieDU8CWQXFLXNU/getUpdates "HTTP/1.1 200 OK"
2025-04-22 17:52:47,444 - httpx - INFO - HTTP Request: POST https://api.telegram.org/bot5571979635:AAHgqbjwxgdBasM1yS_BjieDU8CWQXFLXNU/getUpdates "HTTP/1.1 200 OK"
2025-04-22 17:52:55,939 - httpx - INFO - HTTP Request: POST https://api.telegram.org/bot5571979635:AAHgqbjwxgdBasM1yS_BjieDU8CWQXFLXNU/getUpdates "HTTP/1.1 200 OK"
2025-04-22 17:53:06,146 - httpx - INFO - HTTP Request: POST https://api.telegram.org/bot5571979635:AAHgqbjwxgdBasM1yS_BjieDU8CWQXFLXNU/getUpdates "HTTP/1.1 200 OK"
2025-04-22 17:53:16,349 - httpx - INFO - HTTP Request: POST https://api.telegram.org/bot5571979635:AAHgqbjwxgdBasM1yS_BjieDU8CWQXFLXNU/getUpdates "HTTP/1.1 200 OK"
2025-04-22 17:53:18,393 - httpx - INFO - HTTP Request: POST https://api.telegram.org/bot5571979635:AAHgqbjwxgdBasM1yS_BjieDU8CWQXFLXNU/getUpdates "HTTP/1.1 200 OK"
2025-04-22 17:53:18,399 - __main__ - INFO - Received /start command.
2025-04-22 17:53:19,253 - httpx - INFO - HTTP Request: POST https://api.telegram.org/bot5571979635:AAHgqbjwxgdBasM1yS_BjieDU8CWQXFLXNU/sendMessage "HTTP/1.1 200 OK"
2025-04-22 17:53:28,604 - httpx - INFO - HTTP Request: POST https://api.telegram.org/bot5571979635:AAHgqbjwxgdBasM1yS_BjieDU8CWQXFLXNU/getUpdates "HTTP/1.1 200 OK"
2025-04-22 17:53:38,839 - httpx - INFO - HTTP Request: POST https://api.telegram.org/bot5571979635:AAHgqbjwxgdBasM1yS_BjieDU8CWQXFLXNU/getUpdates "HTTP/1.1 200 OK"
2025-04-22 17:53:49,073 - httpx - INFO - HTTP Request: POST https://api.telegram.org/bot5571979635:AAHgqbjwxgdBasM1yS_BjieDU8CWQXFLXNU/getUpdates "HTTP/1.1 200 OK"
2025-04-22 17:53:59,279 - httpx - INFO - HTTP Request: POST https://api.telegram.org/bot5571979635:AAHgqbjwxgdBasM1yS_BjieDU8CWQXFLXNU/getUpdates "HTTP/1.1 200 OK"
2025-04-22 17:54:02,118 - httpx - INFO - HTTP Request: POST https://api.telegram.org/bot5571979635:AAHgqbjwxgdBasM1yS_BjieDU8CWQXFLXNU/getUpdates "HTTP/1.1 200 OK"
2025-04-22 17:54:12,329 - httpx - INFO - HTTP Request: POST https://api.telegram.org/bot5571979635:AAHgqbjwxgdBasM1yS_BjieDU8CWQXFLXNU/getUpdates "HTTP/1.1 200 OK"
2025-04-22 17:54:22,549 - httpx - INFO - HTTP Request: POST https://api.telegram.org/bot5571979635:AAHgqbjwxgdBasM1yS_BjieDU8CWQXFLXNU/getUpdates "HTTP/1.1 200 OK"
2025-04-22 17:54:32,758 - httpx - INFO - HTTP Request: POST https://api.telegram.org/bot5571979635:AAHgqbjwxgdBasM1yS_BjieDU8CWQXFLXNU/getUpdates "HTTP/1.1 200 OK"
2025-04-22 17:54:42,994 - httpx - INFO - HTTP Request: POST https://api.telegram.org/bot5571979635:AAHgqbjwxgdBasM1yS_BjieDU8CWQXFLXNU/getUpdates "HTTP/1.1 200 OK"
2025-04-22 17:54:49,759 - httpx - INFO - HTTP Request: POST https://api.telegram.org/bot5571979635:AAHgqbjwxgdBasM1yS_BjieDU8CWQXFLXNU/getUpdates "HTTP/1.1 200 OK"
2025-04-22 17:54:59,971 - httpx - INFO - HTTP Request: POST https://api.telegram.org/bot5571979635:AAHgqbjwxgdBasM1yS_BjieDU8CWQXFLXNU/getUpdates "HTTP/1.1 200 OK"
2025-04-22 17:55:10,181 - httpx - INFO - HTTP Request: POST https://api.telegram.org/bot5571979635:AAHgqbjwxgdBasM1yS_BjieDU8CWQXFLXNU/getUpdates "HTTP/1.1 200 OK"
2025-04-22 17:55:20,389 - httpx - INFO - HTTP Request: POST https://api.telegram.org/bot5571979635:AAHgqbjwxgdBasM1yS_BjieDU8CWQXFLXNU/getUpdates "HTTP/1.1 200 OK"
2025-04-22 17:55:30,589 - httpx - INFO - HTTP Request: POST https://api.telegram.org/bot5571979635:AAHgqbjwxgdBasM1yS_BjieDU8CWQXFLXNU/getUpdates "HTTP/1.1 200 OK"
2025-04-22 17:55:40,787 - httpx - INFO - HTTP Request: POST https://api.telegram.org/bot5571979635:AAHgqbjwxgdBasM1yS_BjieDU8CWQXFLXNU/getUpdates "HTTP/1.1 200 OK"
2025-04-22 17:55:51,003 - httpx - INFO - HTTP Request: POST https://api.telegram.org/bot5571979635:AAHgqbjwxgdBasM1yS_BjieDU8CWQXFLXNU/getUpdates "HTTP/1.1 200 OK"
2025-04-22 17:56:01,217 - httpx - INFO - HTTP Request: POST https://api.telegram.org/bot5571979635:AAHgqbjwxgdBasM1yS_BjieDU8CWQXFLXNU/getUpdates "HTTP/1.1 200 OK"
2025-04-22 17:56:11,414 - httpx - INFO - HTTP Request: POST https://api.telegram.org/bot5571979635:AAHgqbjwxgdBasM1yS_BjieDU8CWQXFLXNU/getUpdates "HTTP/1.1 200 OK"
2025-04-22 17:56:21,614 - httpx - INFO - HTTP Request: POST https://api.telegram.org/bot5571979635:AAHgqbjwxgdBasM1yS_BjieDU8CWQXFLXNU/getUpdates "HTTP/1.1 200 OK"
2025-04-22 17:56:31,834 - httpx - INFO - HTTP Request: POST https://api.telegram.org/bot5571979635:AAHgqbjwxgdBasM1yS_BjieDU8CWQXFLXNU/getUpdates "HTTP/1.1 200 OK"
2025-04-22 17:56:42,055 - httpx - INFO - HTTP Request: POST https://api.telegram.org/bot5571979635:AAHgqbjwxgdBasM1yS_BjieDU8CWQXFLXNU/getUpdates "HTTP/1.1 200 OK"
2025-04-22 17:56:52,258 - httpx - INFO - HTTP Request: POST https://api.telegram.org/bot5571979635:AAHgqbjwxgdBasM1yS_BjieDU8CWQXFLXNU/getUpdates "HTTP/1.1 200 OK"
2025-04-22 17:57:02,461 - httpx - INFO - HTTP Request: POST https://api.telegram.org/bot5571979635:AAHgqbjwxgdBasM1yS_BjieDU8CWQXFLXNU/getUpdates "HTTP/1.1 200 OK"
2025-04-22 17:57:12,659 - httpx - INFO - HTTP Request: POST https://api.telegram.org/bot5571979635:AAHgqbjwxgdBasM1yS_BjieDU8CWQXFLXNU/getUpdates "HTTP/1.1 200 OK"
2025-04-22 17:57:22,865 - httpx - INFO - HTTP Request: POST https://api.telegram.org/bot5571979635:AAHgqbjwxgdBasM1yS_BjieDU8CWQXFLXNU/getUpdates "HTTP/1.1 200 OK"
2025-04-22 17:57:33,063 - httpx - INFO - HTTP Request: POST https://api.telegram.org/bot5571979635:AAHgqbjwxgdBasM1yS_BjieDU8CWQXFLXNU/getUpdates "HTTP/1.1 200 OK"
2025-04-22 17:57:43,275 - httpx - INFO - HTTP Request: POST https://api.telegram.org/bot5571979635:AAHgqbjwxgdBasM1yS_BjieDU8CWQXFLXNU/getUpdates "HTTP/1.1 200 OK"
2025-04-22 17:57:53,484 - httpx - INFO - HTTP Request: POST https://api.telegram.org/bot5571979635:AAHgqbjwxgdBasM1yS_BjieDU8CWQXFLXNU/getUpdates "HTTP/1.1 200 OK"
2025-04-22 17:58:03,690 - httpx - INFO - HTTP Request: POST https://api.telegram.org/bot5571979635:AAHgqbjwxgdBasM1yS_BjieDU8CWQXFLXNU/getUpdates "HTTP/1.1 200 OK"
2025-04-22 17:58:13,900 - httpx - INFO - HTTP Request: POST https://api.telegram.org/bot5571979635:AAHgqbjwxgdBasM1yS_BjieDU8CWQXFLXNU/getUpdates "HTTP/1.1 200 OK"
2025-04-22 17:58:24,109 - httpx - INFO - HTTP Request: POST https://api.telegram.org/bot5571979635:AAHgqbjwxgdBasM1yS_BjieDU8CWQXFLXNU/getUpdates "HTTP/1.1 200 OK"
2025-04-22 17:58:34,304 - httpx - INFO - HTTP Request: POST https://api.telegram.org/bot5571979635:AAHgqbjwxgdBasM1yS_BjieDU8CWQXFLXNU/getUpdates "HTTP/1.1 200 OK"
2025-04-22 17:58:44,504 - httpx - INFO - HTTP Request: POST https://api.telegram.org/bot5571979635:AAHgqbjwxgdBasM1yS_BjieDU8CWQXFLXNU/getUpdates "HTTP/1.1 200 OK"
2025-04-22 17:58:54,709 - httpx - INFO - HTTP Request: POST https://api.telegram.org/bot5571979635:AAHgqbjwxgdBasM1yS_BjieDU8CWQXFLXNU/getUpdates "HTTP/1.1 200 OK"
2025-04-22 17:59:04,920 - httpx - INFO - HTTP Request: POST https://api.telegram.org/bot5571979635:AAHgqbjwxgdBasM1yS_BjieDU8CWQXFLXNU/getUpdates "HTTP/1.1 200 OK"
2025-04-22 17:59:15,123 - httpx - INFO - HTTP Request: POST https://api.telegram.org/bot5571979635:AAHgqbjwxgdBasM1yS_BjieDU8CWQXFLXNU/getUpdates "HTTP/1.1 200 OK"
2025-04-22 17:59:25,337 - httpx - INFO - HTTP Request: POST https://api.telegram.org/bot5571979635:AAHgqbjwxgdBasM1yS_BjieDU8CWQXFLXNU/getUpdates "HTTP/1.1 200 OK"
2025-04-22 17:59:35,545 - httpx - INFO - HTTP Request: POST https://api.telegram.org/bot5571979635:AAHgqbjwxgdBasM1yS_BjieDU8CWQXFLXNU/getUpdates "HTTP/1.1 200 OK"
2025-04-22 17:59:45,753 - httpx - INFO - HTTP Request: POST https://api.telegram.org/bot5571979635:AAHgqbjwxgdBasM1yS_BjieDU8CWQXFLXNU/getUpdates "HTTP/1.1 200 OK"
2025-04-22 17:59:55,965 - httpx - INFO - HTTP Request: POST https://api.telegram.org/bot5571979635:AAHgqbjwxgdBasM1yS_BjieDU8CWQXFLXNU/getUpdates "HTTP/1.1 200 OK"
2025-04-22 18:00:06,171 - httpx - INFO - HTTP Request: POST https://api.telegram.org/bot5571979635:AAHgqbjwxgdBasM1yS_BjieDU8CWQXFLXNU/getUpdates "HTTP/1.1 200 OK"
2025-04-22 18:00:16,387 - httpx - INFO - HTTP Request: POST https://api.telegram.org/bot5571979635:AAHgqbjwxgdBasM1yS_BjieDU8CWQXFLXNU/getUpdates "HTTP/1.1 200 OK"
2025-04-22 18:00:26,601 - httpx - INFO - HTTP Request: POST https://api.telegram.org/bot5571979635:AAHgqbjwxgdBasM1yS_BjieDU8CWQXFLXNU/getUpdates "HTTP/1.1 200 OK"
2025-04-22 18:00:36,805 - httpx - INFO - HTTP Request: POST https://api.telegram.org/bot5571979635:AAHgqbjwxgdBasM1yS_BjieDU8CWQXFLXNU/getUpdates "HTTP/1.1 200 OK"
2025-04-22 18:00:47,007 - httpx - INFO - HTTP Request: POST https://api.telegram.org/bot5571979635:AAHgqbjwxgdBasM1yS_BjieDU8CWQXFLXNU/getUpdates "HTTP/1.1 200 OK"
2025-04-22 18:00:57,209 - httpx - INFO - HTTP Request: POST https://api.telegram.org/bot5571979635:AAHgqbjwxgdBasM1yS_BjieDU8CWQXFLXNU/getUpdates "HTTP/1.1 200 OK"
2025-04-22 18:01:07,420 - httpx - INFO - HTTP Request: POST https://api.telegram.org/bot5571979635:AAHgqbjwxgdBasM1yS_BjieDU8CWQXFLXNU/getUpdates "HTTP/1.1 200 OK"
2025-04-22 18:01:14,385 - httpx - INFO - HTTP Request: POST https://api.telegram.org/bot5571979635:AAHgqbjwxgdBasM1yS_BjieDU8CWQXFLXNU/getUpdates "HTTP/1.1 200 OK"
2025-04-22 18:01:14,400 - __main__ - INFO - Received /start command.
2025-04-22 18:01:15,196 - httpx - INFO - HTTP Request: POST https://api.telegram.org/bot5571979635:AAHgqbjwxgdBasM1yS_BjieDU8CWQXFLXNU/sendMessage "HTTP/1.1 200 OK"
2025-04-22 18:01:24,609 - httpx - INFO - HTTP Request: POST https://api.telegram.org/bot5571979635:AAHgqbjwxgdBasM1yS_BjieDU8CWQXFLXNU/getUpdates "HTTP/1.1 200 OK"
2025-04-22 18:01:34,822 - httpx - INFO - HTTP Request: POST https://api.telegram.org/bot5571979635:AAHgqbjwxgdBasM1yS_BjieDU8CWQXFLXNU/getUpdates "HTTP/1.1 200 OK"
2025-04-22 18:01:45,035 - httpx - INFO - HTTP Request: POST https://api.telegram.org/bot5571979635:AAHgqbjwxgdBasM1yS_BjieDU8CWQXFLXNU/getUpdates "HTTP/1.1 200 OK"
2025-04-22 18:01:55,243 - httpx - INFO - HTTP Request: POST https://api.telegram.org/bot5571979635:AAHgqbjwxgdBasM1yS_BjieDU8CWQXFLXNU/getUpdates "HTTP/1.1 200 OK"
2025-04-22 18:02:02,563 - httpx - INFO - HTTP Request: POST https://api.telegram.org/bot5571979635:AAHgqbjwxgdBasM1yS_BjieDU8CWQXFLXNU/getUpdates "HTTP/1.1 200 OK"
2025-04-22 18:02:12,777 - httpx - INFO - HTTP Request: POST https://api.telegram.org/bot5571979635:AAHgqbjwxgdBasM1yS_BjieDU8CWQXFLXNU/getUpdates "HTTP/1.1 200 OK"
2025-04-22 18:02:23,013 - httpx - INFO - HTTP Request: POST https://api.telegram.org/bot5571979635:AAHgqbjwxgdBasM1yS_BjieDU8CWQXFLXNU/getUpdates "HTTP/1.1 200 OK"
2025-04-22 18:02:33,239 - httpx - INFO - HTTP Request: POST https://api.telegram.org/bot5571979635:AAHgqbjwxgdBasM1yS_BjieDU8CWQXFLXNU/getUpdates "HTTP/1.1 200 OK"
2025-04-22 18:02:43,445 - httpx - INFO - HTTP Request: POST https://api.telegram.org/bot5571979635:AAHgqbjwxgdBasM1yS_BjieDU8CWQXFLXNU/getUpdates "HTTP/1.1 200 OK"
2025-04-22 18:02:53,642 - httpx - INFO - HTTP Request: POST https://api.telegram.org/bot5571979635:AAHgqbjwxgdBasM1yS_BjieDU8CWQXFLXNU/getUpdates "HTTP/1.1 200 OK"
2025-04-22 18:03:03,851 - httpx - INFO - HTTP Request: POST https://api.telegram.org/bot5571979635:AAHgqbjwxgdBasM1yS_BjieDU8CWQXFLXNU/getUpdates "HTTP/1.1 200 OK"
2025-04-22 18:03:14,047 - httpx - INFO - HTTP Request: POST https://api.telegram.org/bot5571979635:AAHgqbjwxgdBasM1yS_BjieDU8CWQXFLXNU/getUpdates "HTTP/1.1 200 OK"
2025-04-22 18:03:24,260 - httpx - INFO - HTTP Request: POST https://api.telegram.org/bot5571979635:AAHgqbjwxgdBasM1yS_BjieDU8CWQXFLXNU/getUpdates "HTTP/1.1 200 OK"
2025-04-22 18:03:34,468 - httpx - INFO - HTTP Request: POST https://api.telegram.org/bot5571979635:AAHgqbjwxgdBasM1yS_BjieDU8CWQXFLXNU/getUpdates "HTTP/1.1 200 OK"
2025-04-22 18:03:44,662 - httpx - INFO - HTTP Request: POST https://api.telegram.org/bot5571979635:AAHgqbjwxgdBasM1yS_BjieDU8CWQXFLXNU/getUpdates "HTTP/1.1 200 OK"
2025-04-22 18:03:54,870 - httpx - INFO - HTTP Request: POST https://api.telegram.org/bot5571979635:AAHgqbjwxgdBasM1yS_BjieDU8CWQXFLXNU/getUpdates "HTTP/1.1 200 OK"
2025-04-22 18:04:05,074 - httpx - INFO - HTTP Request: POST https://api.telegram.org/bot5571979635:AAHgqbjwxgdBasM1yS_BjieDU8CWQXFLXNU/getUpdates "HTTP/1.1 200 OK"
2025-04-22 18:04:15,268 - httpx - INFO - HTTP Request: POST https://api.telegram.org/bot5571979635:AAHgqbjwxgdBasM1yS_BjieDU8CWQXFLXNU/getUpdates "HTTP/1.1 200 OK"
2025-04-22 18:04:25,483 - httpx - INFO - HTTP Request: POST https://api.telegram.org/bot5571979635:AAHgqbjwxgdBasM1yS_BjieDU8CWQXFLXNU/getUpdates "HTTP/1.1 200 OK"
2025-04-22 18:04:35,699 - httpx - INFO - HTTP Request: POST https://api.telegram.org/bot5571979635:AAHgqbjwxgdBasM1yS_BjieDU8CWQXFLXNU/getUpdates "HTTP/1.1 200 OK"
2025-04-22 18:04:45,902 - httpx - INFO - HTTP Request: POST https://api.telegram.org/bot5571979635:AAHgqbjwxgdBasM1yS_BjieDU8CWQXFLXNU/getUpdates "HTTP/1.1 200 OK"
2025-04-22 18:04:56,116 - httpx - INFO - HTTP Request: POST https://api.telegram.org/bot5571979635:AAHgqbjwxgdBasM1yS_BjieDU8CWQXFLXNU/getUpdates "HTTP/1.1 200 OK"
2025-04-22 18:05:06,346 - httpx - INFO - HTTP Request: POST https://api.telegram.org/bot5571979635:AAHgqbjwxgdBasM1yS_BjieDU8CWQXFLXNU/getUpdates "HTTP/1.1 200 OK"
2025-04-22 18:05:16,561 - httpx - INFO - HTTP Request: POST https://api.telegram.org/bot5571979635:AAHgqbjwxgdBasM1yS_BjieDU8CWQXFLXNU/getUpdates "HTTP/1.1 200 OK"
2025-04-22 18:05:26,790 - httpx - INFO - HTTP Request: POST https://api.telegram.org/bot5571979635:AAHgqbjwxgdBasM1yS_BjieDU8CWQXFLXNU/getUpdates "HTTP/1.1 200 OK"
2025-04-22 18:05:37,009 - httpx - INFO - HTTP Request: POST https://api.telegram.org/bot5571979635:AAHgqbjwxgdBasM1yS_BjieDU8CWQXFLXNU/getUpdates "HTTP/1.1 200 OK"
2025-04-22 18:05:47,222 - httpx - INFO - HTTP Request: POST https://api.telegram.org/bot5571979635:AAHgqbjwxgdBasM1yS_BjieDU8CWQXFLXNU/getUpdates "HTTP/1.1 200 OK"
2025-04-22 18:05:57,426 - httpx - INFO - HTTP Request: POST https://api.telegram.org/bot5571979635:AAHgqbjwxgdBasM1yS_BjieDU8CWQXFLXNU/getUpdates "HTTP/1.1 200 OK"
2025-04-22 18:06:07,629 - httpx - INFO - HTTP Request: POST https://api.telegram.org/bot5571979635:AAHgqbjwxgdBasM1yS_BjieDU8CWQXFLXNU/getUpdates "HTTP/1.1 200 OK"
2025-04-22 18:06:17,050 - httpx - INFO - HTTP Request: POST https://api.telegram.org/bot5571979635:AAHgqbjwxgdBasM1yS_BjieDU8CWQXFLXNU/getUpdates "HTTP/1.1 200 OK"
2025-04-22 18:06:17,056 - __main__ - INFO - Received /start command.
2025-04-22 18:06:17,824 - httpx - INFO - HTTP Request: POST https://api.telegram.org/bot5571979635:AAHgqbjwxgdBasM1yS_BjieDU8CWQXFLXNU/sendMessage "HTTP/1.1 200 OK"
2025-04-22 18:06:27,266 - httpx - INFO - HTTP Request: POST https://api.telegram.org/bot5571979635:AAHgqbjwxgdBasM1yS_BjieDU8CWQXFLXNU/getUpdates "HTTP/1.1 200 OK"
2025-04-22 18:06:37,473 - httpx - INFO - HTTP Request: POST https://api.telegram.org/bot5571979635:AAHgqbjwxgdBasM1yS_BjieDU8CWQXFLXNU/getUpdates "HTTP/1.1 200 OK"
2025-04-22 18:06:47,661 - httpx - INFO - HTTP Request: POST https://api.telegram.org/bot5571979635:AAHgqbjwxgdBasM1yS_BjieDU8CWQXFLXNU/getUpdates "HTTP/1.1 200 OK"
2025-04-22 18:06:51,822 - httpx - INFO - HTTP Request: POST https://api.telegram.org/bot5571979635:AAHgqbjwxgdBasM1yS_BjieDU8CWQXFLXNU/getUpdates "HTTP/1.1 200 OK"
2025-04-22 18:07:02,031 - httpx - INFO - HTTP Request: POST https://api.telegram.org/bot5571979635:AAHgqbjwxgdBasM1yS_BjieDU8CWQXFLXNU/getUpdates "HTTP/1.1 200 OK"
2025-04-22 18:07:12,243 - httpx - INFO - HTTP Request: POST https://api.telegram.org/bot5571979635:AAHgqbjwxgdBasM1yS_BjieDU8CWQXFLXNU/getUpdates "HTTP/1.1 200 OK"
2025-04-22 18:07:18,256 - httpx - INFO - HTTP Request: POST https://api.telegram.org/bot5571979635:AAHgqbjwxgdBasM1yS_BjieDU8CWQXFLXNU/getUpdates "HTTP/1.1 200 OK"
2025-04-22 18:07:18,266 - telegram.ext.Application - INFO - Application is stopping. This might take a moment.
2025-04-22 18:07:18,268 - telegram.ext.Application - INFO - Application.stop() complete
2025-04-22 18:07:18,277 - __main__ - INFO - Bot started successfully.
2025-04-22 18:10:48,366 - __main__ - INFO - Credentials loaded successfully.
2025-04-22 18:10:48,370 - __main__ - INFO - Starting Telegram bot.
2025-04-22 18:10:49,395 - httpx - INFO - HTTP Request: POST https://api.telegram.org/bot5571979635:AAHgqbjwxgdBasM1yS_BjieDU8CWQXFLXNU/getMe "HTTP/1.1 200 OK"
2025-04-22 18:10:49,627 - httpx - INFO - HTTP Request: POST https://api.telegram.org/bot5571979635:AAHgqbjwxgdBasM1yS_BjieDU8CWQXFLXNU/deleteWebhook "HTTP/1.1 200 OK"
2025-04-22 18:10:49,636 - telegram.ext.Application - INFO - Application started
2025-04-22 18:10:54,399 - httpx - INFO - HTTP Request: POST https://api.telegram.org/bot5571979635:AAHgqbjwxgdBasM1yS_BjieDU8CWQXFLXNU/getUpdates "HTTP/1.1 200 OK"
2025-04-22 18:11:04,612 - httpx - INFO - HTTP Request: POST https://api.telegram.org/bot5571979635:AAHgqbjwxgdBasM1yS_BjieDU8CWQXFLXNU/getUpdates "HTTP/1.1 200 OK"
2025-04-22 18:11:07,858 - httpx - INFO - HTTP Request: POST https://api.telegram.org/bot5571979635:AAHgqbjwxgdBasM1yS_BjieDU8CWQXFLXNU/getUpdates "HTTP/1.1 200 OK"
2025-04-22 18:11:18,093 - httpx - INFO - HTTP Request: POST https://api.telegram.org/bot5571979635:AAHgqbjwxgdBasM1yS_BjieDU8CWQXFLXNU/getUpdates "HTTP/1.1 200 OK"
2025-04-22 18:11:18,453 - httpx - INFO - HTTP Request: POST https://api.telegram.org/bot5571979635:AAHgqbjwxgdBasM1yS_BjieDU8CWQXFLXNU/getUpdates "HTTP/1.1 200 OK"
2025-04-22 18:11:18,464 - __main__ - INFO - Received /start command.
2025-04-22 18:11:19,207 - httpx - INFO - HTTP Request: POST https://api.telegram.org/bot5571979635:AAHgqbjwxgdBasM1yS_BjieDU8CWQXFLXNU/sendMessage "HTTP/1.1 200 OK"
2025-04-22 18:11:28,702 - httpx - INFO - HTTP Request: POST https://api.telegram.org/bot5571979635:AAHgqbjwxgdBasM1yS_BjieDU8CWQXFLXNU/getUpdates "HTTP/1.1 200 OK"
2025-04-22 18:11:29,154 - httpx - INFO - HTTP Request: POST https://api.telegram.org/bot5571979635:AAHgqbjwxgdBasM1yS_BjieDU8CWQXFLXNU/getUpdates "HTTP/1.1 200 OK"
2025-04-22 18:11:38,767 - httpx - INFO - HTTP Request: POST https://api.telegram.org/bot5571979635:AAHgqbjwxgdBasM1yS_BjieDU8CWQXFLXNU/getUpdates "HTTP/1.1 200 OK"
2025-04-22 18:11:48,980 - httpx - INFO - HTTP Request: POST https://api.telegram.org/bot5571979635:AAHgqbjwxgdBasM1yS_BjieDU8CWQXFLXNU/getUpdates "HTTP/1.1 200 OK"
2025-04-22 18:11:59,192 - httpx - INFO - HTTP Request: POST https://api.telegram.org/bot5571979635:AAHgqbjwxgdBasM1yS_BjieDU8CWQXFLXNU/getUpdates "HTTP/1.1 200 OK"
2025-04-22 18:12:09,433 - httpx - INFO - HTTP Request: POST https://api.telegram.org/bot5571979635:AAHgqbjwxgdBasM1yS_BjieDU8CWQXFLXNU/getUpdates "HTTP/1.1 200 OK"
2025-04-22 18:12:16,562 - httpx - INFO - HTTP Request: POST https://api.telegram.org/bot5571979635:AAHgqbjwxgdBasM1yS_BjieDU8CWQXFLXNU/getUpdates "HTTP/1.1 200 OK"
2025-04-22 18:12:26,774 - httpx - INFO - HTTP Request: POST https://api.telegram.org/bot5571979635:AAHgqbjwxgdBasM1yS_BjieDU8CWQXFLXNU/getUpdates "HTTP/1.1 200 OK"
2025-04-22 18:12:28,388 - httpx - INFO - HTTP Request: POST https://api.telegram.org/bot5571979635:AAHgqbjwxgdBasM1yS_BjieDU8CWQXFLXNU/getUpdates "HTTP/1.1 200 OK"
2025-04-22 18:12:38,610 - httpx - INFO - HTTP Request: POST https://api.telegram.org/bot5571979635:AAHgqbjwxgdBasM1yS_BjieDU8CWQXFLXNU/getUpdates "HTTP/1.1 200 OK"
2025-04-22 18:12:42,776 - httpx - INFO - HTTP Request: POST https://api.telegram.org/bot5571979635:AAHgqbjwxgdBasM1yS_BjieDU8CWQXFLXNU/getUpdates "HTTP/1.1 200 OK"
2025-04-22 18:12:52,983 - httpx - INFO - HTTP Request: POST https://api.telegram.org/bot5571979635:AAHgqbjwxgdBasM1yS_BjieDU8CWQXFLXNU/getUpdates "HTTP/1.1 200 OK"
2025-04-22 18:13:03,217 - httpx - INFO - HTTP Request: POST https://api.telegram.org/bot5571979635:AAHgqbjwxgdBasM1yS_BjieDU8CWQXFLXNU/getUpdates "HTTP/1.1 200 OK"
2025-04-22 18:13:13,444 - httpx - INFO - HTTP Request: POST https://api.telegram.org/bot5571979635:AAHgqbjwxgdBasM1yS_BjieDU8CWQXFLXNU/getUpdates "HTTP/1.1 200 OK"
2025-04-22 18:13:17,289 - httpx - INFO - HTTP Request: POST https://api.telegram.org/bot5571979635:AAHgqbjwxgdBasM1yS_BjieDU8CWQXFLXNU/getUpdates "HTTP/1.1 200 OK"
2025-04-22 18:13:27,514 - httpx - INFO - HTTP Request: POST https://api.telegram.org/bot5571979635:AAHgqbjwxgdBasM1yS_BjieDU8CWQXFLXNU/getUpdates "HTTP/1.1 200 OK"
2025-04-22 18:13:37,726 - httpx - INFO - HTTP Request: POST https://api.telegram.org/bot5571979635:AAHgqbjwxgdBasM1yS_BjieDU8CWQXFLXNU/getUpdates "HTTP/1.1 200 OK"
2025-04-22 18:13:47,937 - httpx - INFO - HTTP Request: POST https://api.telegram.org/bot5571979635:AAHgqbjwxgdBasM1yS_BjieDU8CWQXFLXNU/getUpdates "HTTP/1.1 200 OK"
2025-04-22 18:13:58,155 - httpx - INFO - HTTP Request: POST https://api.telegram.org/bot5571979635:AAHgqbjwxgdBasM1yS_BjieDU8CWQXFLXNU/getUpdates "HTTP/1.1 200 OK"
2025-04-22 18:14:08,367 - httpx - INFO - HTTP Request: POST https://api.telegram.org/bot5571979635:AAHgqbjwxgdBasM1yS_BjieDU8CWQXFLXNU/getUpdates "HTTP/1.1 200 OK"
2025-04-22 18:14:18,574 - httpx - INFO - HTTP Request: POST https://api.telegram.org/bot5571979635:AAHgqbjwxgdBasM1yS_BjieDU8CWQXFLXNU/getUpdates "HTTP/1.1 200 OK"
2025-04-22 18:14:28,780 - httpx - INFO - HTTP Request: POST https://api.telegram.org/bot5571979635:AAHgqbjwxgdBasM1yS_BjieDU8CWQXFLXNU/getUpdates "HTTP/1.1 200 OK"
2025-04-22 18:14:38,996 - httpx - INFO - HTTP Request: POST https://api.telegram.org/bot5571979635:AAHgqbjwxgdBasM1yS_BjieDU8CWQXFLXNU/getUpdates "HTTP/1.1 200 OK"
2025-04-22 18:14:49,212 - httpx - INFO - HTTP Request: POST https://api.telegram.org/bot5571979635:AAHgqbjwxgdBasM1yS_BjieDU8CWQXFLXNU/getUpdates "HTTP/1.1 200 OK"
2025-04-22 18:14:59,419 - httpx - INFO - HTTP Request: POST https://api.telegram.org/bot5571979635:AAHgqbjwxgdBasM1yS_BjieDU8CWQXFLXNU/getUpdates "HTTP/1.1 200 OK"
2025-04-22 18:15:09,631 - httpx - INFO - HTTP Request: POST https://api.telegram.org/bot5571979635:AAHgqbjwxgdBasM1yS_BjieDU8CWQXFLXNU/getUpdates "HTTP/1.1 200 OK"
2025-04-22 18:15:19,845 - httpx - INFO - HTTP Request: POST https://api.telegram.org/bot5571979635:AAHgqbjwxgdBasM1yS_BjieDU8CWQXFLXNU/getUpdates "HTTP/1.1 200 OK"
2025-04-22 18:15:30,071 - httpx - INFO - HTTP Request: POST https://api.telegram.org/bot5571979635:AAHgqbjwxgdBasM1yS_BjieDU8CWQXFLXNU/getUpdates "HTTP/1.1 200 OK"
2025-04-22 18:15:40,300 - httpx - INFO - HTTP Request: POST https://api.telegram.org/bot5571979635:AAHgqbjwxgdBasM1yS_BjieDU8CWQXFLXNU/getUpdates "HTTP/1.1 200 OK"
2025-04-22 18:15:50,534 - httpx - INFO - HTTP Request: POST https://api.telegram.org/bot5571979635:AAHgqbjwxgdBasM1yS_BjieDU8CWQXFLXNU/getUpdates "HTTP/1.1 200 OK"
2025-04-22 18:16:00,759 - httpx - INFO - HTTP Request: POST https://api.telegram.org/bot5571979635:AAHgqbjwxgdBasM1yS_BjieDU8CWQXFLXNU/getUpdates "HTTP/1.1 200 OK"
2025-04-22 18:16:10,970 - httpx - INFO - HTTP Request: POST https://api.telegram.org/bot5571979635:AAHgqbjwxgdBasM1yS_BjieDU8CWQXFLXNU/getUpdates "HTTP/1.1 200 OK"
2025-04-22 18:16:21,187 - httpx - INFO - HTTP Request: POST https://api.telegram.org/bot5571979635:AAHgqbjwxgdBasM1yS_BjieDU8CWQXFLXNU/getUpdates "HTTP/1.1 200 OK"
2025-04-22 18:16:31,394 - httpx - INFO - HTTP Request: POST https://api.telegram.org/bot5571979635:AAHgqbjwxgdBasM1yS_BjieDU8CWQXFLXNU/getUpdates "HTTP/1.1 200 OK"
2025-04-22 18:16:41,617 - httpx - INFO - HTTP Request: POST https://api.telegram.org/bot5571979635:AAHgqbjwxgdBasM1yS_BjieDU8CWQXFLXNU/getUpdates "HTTP/1.1 200 OK"
2025-04-22 18:16:51,838 - httpx - INFO - HTTP Request: POST https://api.telegram.org/bot5571979635:AAHgqbjwxgdBasM1yS_BjieDU8CWQXFLXNU/getUpdates "HTTP/1.1 200 OK"
2025-04-22 18:17:02,047 - httpx - INFO - HTTP Request: POST https://api.telegram.org/bot5571979635:AAHgqbjwxgdBasM1yS_BjieDU8CWQXFLXNU/getUpdates "HTTP/1.1 200 OK"
2025-04-22 18:17:12,274 - httpx - INFO - HTTP Request: POST https://api.telegram.org/bot5571979635:AAHgqbjwxgdBasM1yS_BjieDU8CWQXFLXNU/getUpdates "HTTP/1.1 200 OK"
2025-04-22 18:17:22,485 - httpx - INFO - HTTP Request: POST https://api.telegram.org/bot5571979635:AAHgqbjwxgdBasM1yS_BjieDU8CWQXFLXNU/getUpdates "HTTP/1.1 200 OK"
2025-04-22 18:17:32,714 - httpx - INFO - HTTP Request: POST https://api.telegram.org/bot5571979635:AAHgqbjwxgdBasM1yS_BjieDU8CWQXFLXNU/getUpdates "HTTP/1.1 200 OK"
2025-04-22 18:17:42,939 - httpx - INFO - HTTP Request: POST https://api.telegram.org/bot5571979635:AAHgqbjwxgdBasM1yS_BjieDU8CWQXFLXNU/getUpdates "HTTP/1.1 200 OK"
2025-04-22 18:17:53,151 - httpx - INFO - HTTP Request: POST https://api.telegram.org/bot5571979635:AAHgqbjwxgdBasM1yS_BjieDU8CWQXFLXNU/getUpdates "HTTP/1.1 200 OK"
2025-04-23 04:02:40,890 - __main__ - INFO - Credentials loaded successfully.
2025-04-23 04:02:40,894 - __main__ - ERROR - TELEGRAM_BOT_TOKEN environment variable is not set.
2025-04-23 04:02:40,896 - __main__ - ERROR - Fatal error: TELEGRAM_BOT_TOKEN environment variable is not set.
2025-04-23 04:03:01,337 - __main__ - INFO - Credentials loaded successfully.
2025-04-23 04:03:01,339 - __main__ - INFO - Starting Telegram bot.
2025-04-23 04:03:02,102 - httpx - INFO - HTTP Request: POST https://api.telegram.org/bot5571979635:AAHgqbjwxgdBasM1yS_BjieDU8CWQXFLXNU/getMe "HTTP/1.1 200 OK"
2025-04-23 04:03:02,270 - httpx - INFO - HTTP Request: POST https://api.telegram.org/bot5571979635:AAHgqbjwxgdBasM1yS_BjieDU8CWQXFLXNU/deleteWebhook "HTTP/1.1 200 OK"
2025-04-23 04:03:02,274 - telegram.ext.Application - INFO - Application started
2025-04-23 04:03:12,791 - httpx - INFO - HTTP Request: POST https://api.telegram.org/bot5571979635:AAHgqbjwxgdBasM1yS_BjieDU8CWQXFLXNU/getUpdates "HTTP/1.1 200 OK"
2025-04-23 04:03:22,965 - httpx - INFO - HTTP Request: POST https://api.telegram.org/bot5571979635:AAHgqbjwxgdBasM1yS_BjieDU8CWQXFLXNU/getUpdates "HTTP/1.1 200 OK"
2025-04-23 04:03:33,151 - httpx - INFO - HTTP Request: POST https://api.telegram.org/bot5571979635:AAHgqbjwxgdBasM1yS_BjieDU8CWQXFLXNU/getUpdates "HTTP/1.1 200 OK"
2025-04-23 04:03:37,270 - httpx - INFO - HTTP Request: POST https://api.telegram.org/bot5571979635:AAHgqbjwxgdBasM1yS_BjieDU8CWQXFLXNU/getUpdates "HTTP/1.1 200 OK"
2025-04-23 04:03:37,281 - __main__ - INFO - Received /start command.
2025-04-23 04:03:37,982 - httpx - INFO - HTTP Request: POST https://api.telegram.org/bot5571979635:AAHgqbjwxgdBasM1yS_BjieDU8CWQXFLXNU/sendMessage "HTTP/1.1 200 OK"
2025-04-23 04:03:47,481 - httpx - INFO - HTTP Request: POST https://api.telegram.org/bot5571979635:AAHgqbjwxgdBasM1yS_BjieDU8CWQXFLXNU/getUpdates "HTTP/1.1 200 OK"
2025-04-23 04:03:57,699 - httpx - INFO - HTTP Request: POST https://api.telegram.org/bot5571979635:AAHgqbjwxgdBasM1yS_BjieDU8CWQXFLXNU/getUpdates "HTTP/1.1 200 OK"
2025-04-23 04:04:04,595 - httpx - INFO - HTTP Request: POST https://api.telegram.org/bot5571979635:AAHgqbjwxgdBasM1yS_BjieDU8CWQXFLXNU/getUpdates "HTTP/1.1 200 OK"
2025-04-23 04:04:14,782 - httpx - INFO - HTTP Request: POST https://api.telegram.org/bot5571979635:AAHgqbjwxgdBasM1yS_BjieDU8CWQXFLXNU/getUpdates "HTTP/1.1 200 OK"
2025-04-23 04:04:24,968 - httpx - INFO - HTTP Request: POST https://api.telegram.org/bot5571979635:AAHgqbjwxgdBasM1yS_BjieDU8CWQXFLXNU/getUpdates "HTTP/1.1 200 OK"
2025-04-23 04:04:35,138 - httpx - INFO - HTTP Request: POST https://api.telegram.org/bot5571979635:AAHgqbjwxgdBasM1yS_BjieDU8CWQXFLXNU/getUpdates "HTTP/1.1 200 OK"
2025-04-23 04:04:37,852 - httpx - INFO - HTTP Request: POST https://api.telegram.org/bot5571979635:AAHgqbjwxgdBasM1yS_BjieDU8CWQXFLXNU/getUpdates "HTTP/1.1 200 OK"
2025-04-23 04:04:48,041 - httpx - INFO - HTTP Request: POST https://api.telegram.org/bot5571979635:AAHgqbjwxgdBasM1yS_BjieDU8CWQXFLXNU/getUpdates "HTTP/1.1 200 OK"
2025-04-23 04:04:58,236 - httpx - INFO - HTTP Request: POST https://api.telegram.org/bot5571979635:AAHgqbjwxgdBasM1yS_BjieDU8CWQXFLXNU/getUpdates "HTTP/1.1 200 OK"
2025-04-23 04:05:08,447 - httpx - INFO - HTTP Request: POST https://api.telegram.org/bot5571979635:AAHgqbjwxgdBasM1yS_BjieDU8CWQXFLXNU/getUpdates "HTTP/1.1 200 OK"
2025-04-23 04:05:18,639 - httpx - INFO - HTTP Request: POST https://api.telegram.org/bot5571979635:AAHgqbjwxgdBasM1yS_BjieDU8CWQXFLXNU/getUpdates "HTTP/1.1 200 OK"
2025-04-23 04:05:28,825 - httpx - INFO - HTTP Request: POST https://api.telegram.org/bot5571979635:AAHgqbjwxgdBasM1yS_BjieDU8CWQXFLXNU/getUpdates "HTTP/1.1 200 OK"
2025-04-23 04:05:39,008 - httpx - INFO - HTTP Request: POST https://api.telegram.org/bot5571979635:AAHgqbjwxgdBasM1yS_BjieDU8CWQXFLXNU/getUpdates "HTTP/1.1 200 OK"
2025-04-23 04:05:49,206 - httpx - INFO - HTTP Request: POST https://api.telegram.org/bot5571979635:AAHgqbjwxgdBasM1yS_BjieDU8CWQXFLXNU/getUpdates "HTTP/1.1 200 OK"
2025-04-23 04:05:59,401 - httpx - INFO - HTTP Request: POST https://api.telegram.org/bot5571979635:AAHgqbjwxgdBasM1yS_BjieDU8CWQXFLXNU/getUpdates "HTTP/1.1 200 OK"
2025-04-23 04:06:09,592 - httpx - INFO - HTTP Request: POST https://api.telegram.org/bot5571979635:AAHgqbjwxgdBasM1yS_BjieDU8CWQXFLXNU/getUpdates "HTTP/1.1 200 OK"
2025-04-23 04:06:19,783 - httpx - INFO - HTTP Request: POST https://api.telegram.org/bot5571979635:AAHgqbjwxgdBasM1yS_BjieDU8CWQXFLXNU/getUpdates "HTTP/1.1 200 OK"
2025-04-23 04:06:29,968 - httpx - INFO - HTTP Request: POST https://api.telegram.org/bot5571979635:AAHgqbjwxgdBasM1yS_BjieDU8CWQXFLXNU/getUpdates "HTTP/1.1 200 OK"
2025-04-23 04:06:40,143 - httpx - INFO - HTTP Request: POST https://api.telegram.org/bot5571979635:AAHgqbjwxgdBasM1yS_BjieDU8CWQXFLXNU/getUpdates "HTTP/1.1 200 OK"
2025-04-23 04:06:50,332 - httpx - INFO - HTTP Request: POST https://api.telegram.org/bot5571979635:AAHgqbjwxgdBasM1yS_BjieDU8CWQXFLXNU/getUpdates "HTTP/1.1 200 OK"
2025-04-23 04:07:00,523 - httpx - INFO - HTTP Request: POST https://api.telegram.org/bot5571979635:AAHgqbjwxgdBasM1yS_BjieDU8CWQXFLXNU/getUpdates "HTTP/1.1 200 OK"
2025-04-23 04:07:10,710 - httpx - INFO - HTTP Request: POST https://api.telegram.org/bot5571979635:AAHgqbjwxgdBasM1yS_BjieDU8CWQXFLXNU/getUpdates "HTTP/1.1 200 OK"
2025-04-23 04:07:20,890 - httpx - INFO - HTTP Request: POST https://api.telegram.org/bot5571979635:AAHgqbjwxgdBasM1yS_BjieDU8CWQXFLXNU/getUpdates "HTTP/1.1 200 OK"
2025-04-23 04:07:31,060 - httpx - INFO - HTTP Request: POST https://api.telegram.org/bot5571979635:AAHgqbjwxgdBasM1yS_BjieDU8CWQXFLXNU/getUpdates "HTTP/1.1 200 OK"
2025-04-23 04:07:41,227 - httpx - INFO - HTTP Request: POST https://api.telegram.org/bot5571979635:AAHgqbjwxgdBasM1yS_BjieDU8CWQXFLXNU/getUpdates "HTTP/1.1 200 OK"
2025-04-23 04:07:51,416 - httpx - INFO - HTTP Request: POST https://api.telegram.org/bot5571979635:AAHgqbjwxgdBasM1yS_BjieDU8CWQXFLXNU/getUpdates "HTTP/1.1 200 OK"
2025-04-23 04:08:01,670 - httpx - INFO - HTTP Request: POST https://api.telegram.org/bot5571979635:AAHgqbjwxgdBasM1yS_BjieDU8CWQXFLXNU/getUpdates "HTTP/1.1 200 OK"
2025-04-23 04:08:11,845 - httpx - INFO - HTTP Request: POST https://api.telegram.org/bot5571979635:AAHgqbjwxgdBasM1yS_BjieDU8CWQXFLXNU/getUpdates "HTTP/1.1 200 OK"
2025-04-23 04:08:22,017 - httpx - INFO - HTTP Request: POST https://api.telegram.org/bot5571979635:AAHgqbjwxgdBasM1yS_BjieDU8CWQXFLXNU/getUpdates "HTTP/1.1 200 OK"
2025-04-23 04:08:32,181 - httpx - INFO - HTTP Request: POST https://api.telegram.org/bot5571979635:AAHgqbjwxgdBasM1yS_BjieDU8CWQXFLXNU/getUpdates "HTTP/1.1 200 OK"
2025-04-23 04:08:42,350 - httpx - INFO - HTTP Request: POST https://api.telegram.org/bot5571979635:AAHgqbjwxgdBasM1yS_BjieDU8CWQXFLXNU/getUpdates "HTTP/1.1 200 OK"
2025-04-23 04:08:52,543 - httpx - INFO - HTTP Request: POST https://api.telegram.org/bot5571979635:AAHgqbjwxgdBasM1yS_BjieDU8CWQXFLXNU/getUpdates "HTTP/1.1 200 OK"
2025-04-23 04:09:02,745 - httpx - INFO - HTTP Request: POST https://api.telegram.org/bot5571979635:AAHgqbjwxgdBasM1yS_BjieDU8CWQXFLXNU/getUpdates "HTTP/1.1 200 OK"
2025-04-23 04:09:12,944 - httpx - INFO - HTTP Request: POST https://api.telegram.org/bot5571979635:AAHgqbjwxgdBasM1yS_BjieDU8CWQXFLXNU/getUpdates "HTTP/1.1 200 OK"
2025-04-23 04:09:23,145 - httpx - INFO - HTTP Request: POST https://api.telegram.org/bot5571979635:AAHgqbjwxgdBasM1yS_BjieDU8CWQXFLXNU/getUpdates "HTTP/1.1 200 OK"
2025-04-23 04:09:33,336 - httpx - INFO - HTTP Request: POST https://api.telegram.org/bot5571979635:AAHgqbjwxgdBasM1yS_BjieDU8CWQXFLXNU/getUpdates "HTTP/1.1 200 OK"
2025-04-23 04:09:43,508 - httpx - INFO - HTTP Request: POST https://api.telegram.org/bot5571979635:AAHgqbjwxgdBasM1yS_BjieDU8CWQXFLXNU/getUpdates "HTTP/1.1 200 OK"
2025-04-23 04:09:53,710 - httpx - INFO - HTTP Request: POST https://api.telegram.org/bot5571979635:AAHgqbjwxgdBasM1yS_BjieDU8CWQXFLXNU/getUpdates "HTTP/1.1 200 OK"
2025-04-23 04:10:03,910 - httpx - INFO - HTTP Request: POST https://api.telegram.org/bot5571979635:AAHgqbjwxgdBasM1yS_BjieDU8CWQXFLXNU/getUpdates "HTTP/1.1 200 OK"
2025-04-23 04:10:14,083 - httpx - INFO - HTTP Request: POST https://api.telegram.org/bot5571979635:AAHgqbjwxgdBasM1yS_BjieDU8CWQXFLXNU/getUpdates "HTTP/1.1 200 OK"
2025-04-23 04:10:24,265 - httpx - INFO - HTTP Request: POST https://api.telegram.org/bot5571979635:AAHgqbjwxgdBasM1yS_BjieDU8CWQXFLXNU/getUpdates "HTTP/1.1 200 OK"
2025-04-23 04:10:34,438 - httpx - INFO - HTTP Request: POST https://api.telegram.org/bot5571979635:AAHgqbjwxgdBasM1yS_BjieDU8CWQXFLXNU/getUpdates "HTTP/1.1 200 OK"
2025-04-23 04:10:44,612 - httpx - INFO - HTTP Request: POST https://api.telegram.org/bot5571979635:AAHgqbjwxgdBasM1yS_BjieDU8CWQXFLXNU/getUpdates "HTTP/1.1 200 OK"
2025-04-23 04:10:54,805 - httpx - INFO - HTTP Request: POST https://api.telegram.org/bot5571979635:AAHgqbjwxgdBasM1yS_BjieDU8CWQXFLXNU/getUpdates "HTTP/1.1 200 OK"
2025-04-23 04:11:05,001 - httpx - INFO - HTTP Request: POST https://api.telegram.org/bot5571979635:AAHgqbjwxgdBasM1yS_BjieDU8CWQXFLXNU/getUpdates "HTTP/1.1 200 OK"
2025-04-23 04:11:15,202 - httpx - INFO - HTTP Request: POST https://api.telegram.org/bot5571979635:AAHgqbjwxgdBasM1yS_BjieDU8CWQXFLXNU/getUpdates "HTTP/1.1 200 OK"
2025-04-23 04:11:25,377 - httpx - INFO - HTTP Request: POST https://api.telegram.org/bot5571979635:AAHgqbjwxgdBasM1yS_BjieDU8CWQXFLXNU/getUpdates "HTTP/1.1 200 OK"
2025-04-23 04:11:35,555 - httpx - INFO - HTTP Request: POST https://api.telegram.org/bot5571979635:AAHgqbjwxgdBasM1yS_BjieDU8CWQXFLXNU/getUpdates "HTTP/1.1 200 OK"
2025-04-23 04:11:45,754 - httpx - INFO - HTTP Request: POST https://api.telegram.org/bot5571979635:AAHgqbjwxgdBasM1yS_BjieDU8CWQXFLXNU/getUpdates "HTTP/1.1 200 OK"
2025-04-23 04:11:55,949 - httpx - INFO - HTTP Request: POST https://api.telegram.org/bot5571979635:AAHgqbjwxgdBasM1yS_BjieDU8CWQXFLXNU/getUpdates "HTTP/1.1 200 OK"
2025-04-23 04:12:06,119 - httpx - INFO - HTTP Request: POST https://api.telegram.org/bot5571979635:AAHgqbjwxgdBasM1yS_BjieDU8CWQXFLXNU/getUpdates "HTTP/1.1 200 OK"
2025-04-23 04:12:16,292 - httpx - INFO - HTTP Request: POST https://api.telegram.org/bot5571979635:AAHgqbjwxgdBasM1yS_BjieDU8CWQXFLXNU/getUpdates "HTTP/1.1 200 OK"
2025-04-23 04:12:26,477 - httpx - INFO - HTTP Request: POST https://api.telegram.org/bot5571979635:AAHgqbjwxgdBasM1yS_BjieDU8CWQXFLXNU/getUpdates "HTTP/1.1 200 OK"
2025-04-23 04:12:36,646 - httpx - INFO - HTTP Request: POST https://api.telegram.org/bot5571979635:AAHgqbjwxgdBasM1yS_BjieDU8CWQXFLXNU/getUpdates "HTTP/1.1 200 OK"
2025-04-23 04:12:46,830 - httpx - INFO - HTTP Request: POST https://api.telegram.org/bot5571979635:AAHgqbjwxgdBasM1yS_BjieDU8CWQXFLXNU/getUpdates "HTTP/1.1 200 OK"
2025-04-23 04:12:57,018 - httpx - INFO - HTTP Request: POST https://api.telegram.org/bot5571979635:AAHgqbjwxgdBasM1yS_BjieDU8CWQXFLXNU/getUpdates "HTTP/1.1 200 OK"
2025-04-23 04:13:07,204 - httpx - INFO - HTTP Request: POST https://api.telegram.org/bot5571979635:AAHgqbjwxgdBasM1yS_BjieDU8CWQXFLXNU/getUpdates "HTTP/1.1 200 OK"
2025-04-23 04:13:17,385 - httpx - INFO - HTTP Request: POST https://api.telegram.org/bot5571979635:AAHgqbjwxgdBasM1yS_BjieDU8CWQXFLXNU/getUpdates "HTTP/1.1 200 OK"
2025-04-23 04:13:27,562 - httpx - INFO - HTTP Request: POST https://api.telegram.org/bot5571979635:AAHgqbjwxgdBasM1yS_BjieDU8CWQXFLXNU/getUpdates "HTTP/1.1 200 OK"
2025-04-23 04:13:37,729 - httpx - INFO - HTTP Request: POST https://api.telegram.org/bot5571979635:AAHgqbjwxgdBasM1yS_BjieDU8CWQXFLXNU/getUpdates "HTTP/1.1 200 OK"
2025-04-23 04:13:47,903 - httpx - INFO - HTTP Request: POST https://api.telegram.org/bot5571979635:AAHgqbjwxgdBasM1yS_BjieDU8CWQXFLXNU/getUpdates "HTTP/1.1 200 OK"
2025-04-23 04:13:58,103 - httpx - INFO - HTTP Request: POST https://api.telegram.org/bot5571979635:AAHgqbjwxgdBasM1yS_BjieDU8CWQXFLXNU/getUpdates "HTTP/1.1 200 OK"
2025-04-23 04:14:08,272 - httpx - INFO - HTTP Request: POST https://api.telegram.org/bot5571979635:AAHgqbjwxgdBasM1yS_BjieDU8CWQXFLXNU/getUpdates "HTTP/1.1 200 OK"
2025-04-23 04:14:18,441 - httpx - INFO - HTTP Request: POST https://api.telegram.org/bot5571979635:AAHgqbjwxgdBasM1yS_BjieDU8CWQXFLXNU/getUpdates "HTTP/1.1 200 OK"
2025-04-23 04:14:28,631 - httpx - INFO - HTTP Request: POST https://api.telegram.org/bot5571979635:AAHgqbjwxgdBasM1yS_BjieDU8CWQXFLXNU/getUpdates "HTTP/1.1 200 OK"
2025-04-23 04:14:38,811 - httpx - INFO - HTTP Request: POST https://api.telegram.org/bot5571979635:AAHgqbjwxgdBasM1yS_BjieDU8CWQXFLXNU/getUpdates "HTTP/1.1 200 OK"
2025-04-23 04:14:48,982 - httpx - INFO - HTTP Request: POST https://api.telegram.org/bot5571979635:AAHgqbjwxgdBasM1yS_BjieDU8CWQXFLXNU/getUpdates "HTTP/1.1 200 OK"
2025-04-23 04:14:59,172 - httpx - INFO - HTTP Request: POST https://api.telegram.org/bot5571979635:AAHgqbjwxgdBasM1yS_BjieDU8CWQXFLXNU/getUpdates "HTTP/1.1 200 OK"
2025-04-23 04:15:09,366 - httpx - INFO - HTTP Request: POST https://api.telegram.org/bot5571979635:AAHgqbjwxgdBasM1yS_BjieDU8CWQXFLXNU/getUpdates "HTTP/1.1 200 OK"
2025-04-23 04:15:19,544 - httpx - INFO - HTTP Request: POST https://api.telegram.org/bot5571979635:AAHgqbjwxgdBasM1yS_BjieDU8CWQXFLXNU/getUpdates "HTTP/1.1 200 OK"
2025-04-23 04:15:29,711 - httpx - INFO - HTTP Request: POST https://api.telegram.org/bot5571979635:AAHgqbjwxgdBasM1yS_BjieDU8CWQXFLXNU/getUpdates "HTTP/1.1 200 OK"
2025-04-23 04:15:39,904 - httpx - INFO - HTTP Request: POST https://api.telegram.org/bot5571979635:AAHgqbjwxgdBasM1yS_BjieDU8CWQXFLXNU/getUpdates "HTTP/1.1 200 OK"
2025-04-23 04:15:50,087 - httpx - INFO - HTTP Request: POST https://api.telegram.org/bot5571979635:AAHgqbjwxgdBasM1yS_BjieDU8CWQXFLXNU/getUpdates "HTTP/1.1 200 OK"
2025-04-23 04:16:00,291 - httpx - INFO - HTTP Request: POST https://api.telegram.org/bot5571979635:AAHgqbjwxgdBasM1yS_BjieDU8CWQXFLXNU/getUpdates "HTTP/1.1 200 OK"
2025-04-23 04:16:10,480 - httpx - INFO - HTTP Request: POST https://api.telegram.org/bot5571979635:AAHgqbjwxgdBasM1yS_BjieDU8CWQXFLXNU/getUpdates "HTTP/1.1 200 OK"
2025-04-23 04:16:20,663 - httpx - INFO - HTTP Request: POST https://api.telegram.org/bot5571979635:AAHgqbjwxgdBasM1yS_BjieDU8CWQXFLXNU/getUpdates "HTTP/1.1 200 OK"
2025-04-23 04:16:30,840 - httpx - INFO - HTTP Request: POST https://api.telegram.org/bot5571979635:AAHgqbjwxgdBasM1yS_BjieDU8CWQXFLXNU/getUpdates "HTTP/1.1 200 OK"
2025-04-23 04:16:41,019 - httpx - INFO - HTTP Request: POST https://api.telegram.org/bot5571979635:AAHgqbjwxgdBasM1yS_BjieDU8CWQXFLXNU/getUpdates "HTTP/1.1 200 OK"
2025-04-23 04:16:51,219 - httpx - INFO - HTTP Request: POST https://api.telegram.org/bot5571979635:AAHgqbjwxgdBasM1yS_BjieDU8CWQXFLXNU/getUpdates "HTTP/1.1 200 OK"
2025-04-23 04:17:01,426 - httpx - INFO - HTTP Request: POST https://api.telegram.org/bot5571979635:AAHgqbjwxgdBasM1yS_BjieDU8CWQXFLXNU/getUpdates "HTTP/1.1 200 OK"
2025-04-23 04:17:11,623 - httpx - INFO - HTTP Request: POST https://api.telegram.org/bot5571979635:AAHgqbjwxgdBasM1yS_BjieDU8CWQXFLXNU/getUpdates "HTTP/1.1 200 OK"
2025-04-23 04:17:21,796 - httpx - INFO - HTTP Request: POST https://api.telegram.org/bot5571979635:AAHgqbjwxgdBasM1yS_BjieDU8CWQXFLXNU/getUpdates "HTTP/1.1 200 OK"
2025-04-23 04:17:31,967 - httpx - INFO - HTTP Request: POST https://api.telegram.org/bot5571979635:AAHgqbjwxgdBasM1yS_BjieDU8CWQXFLXNU/getUpdates "HTTP/1.1 200 OK"
2025-04-23 04:17:42,193 - httpx - INFO - HTTP Request: POST https://api.telegram.org/bot5571979635:AAHgqbjwxgdBasM1yS_BjieDU8CWQXFLXNU/getUpdates "HTTP/1.1 200 OK"
2025-04-23 04:17:52,374 - httpx - INFO - HTTP Request: POST https://api.telegram.org/bot5571979635:AAHgqbjwxgdBasM1yS_BjieDU8CWQXFLXNU/getUpdates "HTTP/1.1 200 OK"
2025-04-23 04:18:02,570 - httpx - INFO - HTTP Request: POST https://api.telegram.org/bot5571979635:AAHgqbjwxgdBasM1yS_BjieDU8CWQXFLXNU/getUpdates "HTTP/1.1 200 OK"
2025-04-23 04:18:12,760 - httpx - INFO - HTTP Request: POST https://api.telegram.org/bot5571979635:AAHgqbjwxgdBasM1yS_BjieDU8CWQXFLXNU/getUpdates "HTTP/1.1 200 OK"
2025-04-23 04:18:22,937 - httpx - INFO - HTTP Request: POST https://api.telegram.org/bot5571979635:AAHgqbjwxgdBasM1yS_BjieDU8CWQXFLXNU/getUpdates "HTTP/1.1 200 OK"
2025-04-23 04:18:33,117 - httpx - INFO - HTTP Request: POST https://api.telegram.org/bot5571979635:AAHgqbjwxgdBasM1yS_BjieDU8CWQXFLXNU/getUpdates "HTTP/1.1 200 OK"
2025-04-23 04:18:43,286 - httpx - INFO - HTTP Request: POST https://api.telegram.org/bot5571979635:AAHgqbjwxgdBasM1yS_BjieDU8CWQXFLXNU/getUpdates "HTTP/1.1 200 OK"
2025-04-23 04:18:53,479 - httpx - INFO - HTTP Request: POST https://api.telegram.org/bot5571979635:AAHgqbjwxgdBasM1yS_BjieDU8CWQXFLXNU/getUpdates "HTTP/1.1 200 OK"
2025-04-23 04:18:59,187 - httpx - INFO - HTTP Request: POST https://api.telegram.org/bot5571979635:AAHgqbjwxgdBasM1yS_BjieDU8CWQXFLXNU/getUpdates "HTTP/1.1 200 OK"
2025-04-23 04:18:59,190 - telegram.ext.Application - INFO - Application is stopping. This might take a moment.
2025-04-23 04:18:59,191 - telegram.ext.Application - INFO - Application.stop() complete
2025-04-23 04:18:59,194 - __main__ - INFO - Bot started successfully.
